E:\CPROJECT\BURNCD_FINAL\BURNCD_SRC\DEBUG\BASEOBJECT.OBJ
E:\CPROJECT\BURNCD_FINAL\BURNCD_SRC\DEBUG\BURNCD.EXE
E:\CPROJECT\BURNCD_FINAL\BURNCD_SRC\DEBUG\BURNCD.EXE.EMBED.MANIFEST
E:\CPROJECT\BURNCD_FINAL\BURNCD_SRC\DEBUG\BURNCD.EXE.EMBED.MANIFEST.RES
E:\CPROJECT\BURNCD_FINAL\BURNCD_SRC\DEBUG\BURNCD.EXE.INTERMEDIATE.MANIFEST
E:\CPROJECT\BURNCD_FINAL\BURNCD_SRC\DEBUG\BURNCD.ILK
E:\CPROJECT\BURNCD_FINAL\BURNCD_SRC\DEBUG\BURNCD.OBJ
E:\CPROJECT\BURNCD_FINAL\BURNCD_SRC\DEBUG\BURNCD.PCH
E:\CPROJECT\BURNCD_FINAL\BURNCD_SRC\DEBUG\BURNCD.PDB
E:\CPROJECT\BURNCD_FINAL\BURNCD_SRC\DEBUG\BURNCD.RES
E:\CProject\BurnCD_final\BurnCD_src\Debug\BurnCD.write.1.tlog
E:\CProject\BurnCD_final\BurnCD_src\Debug\BurnCD_manifest.rc
E:\CPROJECT\BURNCD_FINAL\BURNCD_SRC\DEBUG\BURNCDDLG.OBJ
E:\CProject\BurnCD_final\BurnCD_src\Debug\cl.command.1.tlog
E:\CProject\BurnCD_final\BurnCD_src\Debug\CL.read.1.tlog
E:\CProject\BurnCD_final\BurnCD_src\Debug\CL.read.2.tlog
E:\CProject\BurnCD_final\BurnCD_src\Debug\CL.read.3.tlog
E:\CProject\BurnCD_final\BurnCD_src\Debug\CL.write.1.tlog
E:\CPROJECT\BURNCD_FINAL\BURNCD_SRC\DEBUG\DIROBJECT.OBJ
E:\CPROJECT\BURNCD_FINAL\BURNCD_SRC\DEBUG\DISCFORMATDATA.OBJ
E:\CPROJECT\BURNCD_FINAL\BURNCD_SRC\DEBUG\DISCFORMATDATAEVENT.OBJ
E:\CPROJECT\BURNCD_FINAL\BURNCD_SRC\DEBUG\DISCMASTER.OBJ
E:\CPROJECT\BURNCD_FINAL\BURNCD_SRC\DEBUG\DISCRECORDER.OBJ
E:\CPROJECT\BURNCD_FINAL\BURNCD_SRC\DEBUG\FILELISTBOX.OBJ
E:\CPROJECT\BURNCD_FINAL\BURNCD_SRC\DEBUG\FILEOBJECT.OBJ
E:\CProject\BurnCD_final\BurnCD_src\Debug\link.command.1.tlog
E:\CProject\BurnCD_final\BurnCD_src\Debug\link.read.1.tlog
E:\CProject\BurnCD_final\BurnCD_src\Debug\link.read.2.tlog
E:\CProject\BurnCD_final\BurnCD_src\Debug\link.write.1.tlog
E:\CProject\BurnCD_final\BurnCD_src\Debug\link-cvtres.read.1.tlog
E:\CProject\BurnCD_final\BurnCD_src\Debug\link-cvtres.write.1.tlog
E:\CProject\BurnCD_final\BurnCD_src\Debug\mt.command.1.tlog
E:\CProject\BurnCD_final\BurnCD_src\Debug\mt.read.1.tlog
E:\CProject\BurnCD_final\BurnCD_src\Debug\mt.write.1.tlog
E:\CProject\BurnCD_final\BurnCD_src\Debug\rc.command.1.tlog
E:\CProject\BurnCD_final\BurnCD_src\Debug\rc.read.1.tlog
E:\CProject\BurnCD_final\BurnCD_src\Debug\rc.write.1.tlog
E:\CPROJECT\BURNCD_FINAL\BURNCD_SRC\DEBUG\READ_PE_RLS.OBJ
E:\CPROJECT\BURNCD_FINAL\BURNCD_SRC\DEBUG\STDAFX.OBJ
E:\CProject\BurnCD_final\BurnCD_src\Debug\vc100.idb
E:\CPROJECT\BURNCD_FINAL\BURNCD_SRC\DEBUG\VC100.PDB
