生成启动时间为 2018-9-5 17:12:40。
     1>项目“E:\CProject\BurnCD_final\BurnCD_src\BurnCD.vcxproj”在节点 2 上(rebuild 个目标)。
     1>_PrepareForClean:
         正在删除文件“Debug\BurnCD.lastbuildstate”。
       InitializeBuildStatus:
         正在创建“Debug\BurnCD.unsuccessfulbuild”，因为已指定“AlwaysCreate”。
       ClCompile:
         E:\Program Files (x86)\Microsoft Visual Studio 10.0\VC\bin\CL.exe /c /ZI /nologo /W3 /WX- /Od /Oy- /D WIN32 /D _WINDOWS /D _DEBUG /D _UNICODE /D UNICODE /D _ATL_DLL /D _AFXDLL /Gm /EHsc /RTC1 /MD /GS /fp:precise /Zc:wchar_t /Zc:forScope /Yc"StdAfx.h" /Fp"Debug\BurnCD.pch" /Fo"Debug\\" /Fd"Debug\vc100.pdb" /Gd /TP /analyze- /errorReport:prompt stdafx.cpp
         stdafx.cpp
     1>e:\cproject\burncd_final\burncd_src\stdafx.h(41): warning C4005: “_AFXDLL”: 宏重定义
                 命令行参数: 参见前面的“_AFXDLL”定义
         E:\Program Files (x86)\Microsoft Visual Studio 10.0\VC\bin\CL.exe /c /ZI /nologo /W3 /WX- /Od /Oy- /D WIN32 /D _WINDOWS /D _DEBUG /D _UNICODE /D UNICODE /D _ATL_DLL /D _AFXDLL /Gm /EHsc /RTC1 /MD /GS /fp:precise /Zc:wchar_t /Zc:forScope /Yu"StdAfx.h" /Fp"Debug\BurnCD.pch" /Fo"Debug\\" /Fd"Debug\vc100.pdb" /Gd /TP /analyze- /errorReport:prompt BaseObject.cpp BurnCD.cpp BurnCDDlg.cpp DirObject.cpp DiscFormatData.cpp DiscFormatDataEvent.cpp DiscMaster.cpp DiscRecorder.cpp FileListBox.cpp FileObject.cpp read_pe_rls.cpp
         read_pe_rls.cpp
     1>e:\cproject\burncd_final\burncd_src\read_pe_rls.cpp(23): warning C4996: '_wfopen': This function or variable may be unsafe. Consider using _wfopen_s instead. To disable deprecation, use _CRT_SECURE_NO_WARNINGS. See online help for details.
                 e:\program files (x86)\microsoft visual studio 10.0\vc\include\wchar.h(815) : 参见“_wfopen”的声明
     1>e:\cproject\burncd_final\burncd_src\read_pe_rls.cpp(57): warning C4996: 'localtime': This function or variable may be unsafe. Consider using localtime_s instead. To disable deprecation, use _CRT_SECURE_NO_WARNINGS. See online help for details.
                 e:\program files (x86)\microsoft visual studio 10.0\vc\include\time.inl(112) : 参见“localtime”的声明
     1>e:\cproject\burncd_final\burncd_src\read_pe_rls.cpp(75): warning C4018: “<”: 有符号/无符号不匹配
     1>e:\cproject\burncd_final\burncd_src\read_pe_rls.cpp(107): warning C4996: '_wfopen': This function or variable may be unsafe. Consider using _wfopen_s instead. To disable deprecation, use _CRT_SECURE_NO_WARNINGS. See online help for details.
                 e:\program files (x86)\microsoft visual studio 10.0\vc\include\wchar.h(815) : 参见“_wfopen”的声明
     1>e:\cproject\burncd_final\burncd_src\read_pe_rls.cpp(108): warning C4996: '_wfopen': This function or variable may be unsafe. Consider using _wfopen_s instead. To disable deprecation, use _CRT_SECURE_NO_WARNINGS. See online help for details.
                 e:\program files (x86)\microsoft visual studio 10.0\vc\include\wchar.h(815) : 参见“_wfopen”的声明
     1>e:\cproject\burncd_final\burncd_src\read_pe_rls.cpp(110): warning C4996: 'strtok': This function or variable may be unsafe. Consider using strtok_s instead. To disable deprecation, use _CRT_SECURE_NO_WARNINGS. See online help for details.
                 e:\program files (x86)\microsoft visual studio 10.0\vc\include\string.h(197) : 参见“strtok”的声明
     1>e:\cproject\burncd_final\burncd_src\read_pe_rls.cpp(111): warning C4996: 'strtok': This function or variable may be unsafe. Consider using strtok_s instead. To disable deprecation, use _CRT_SECURE_NO_WARNINGS. See online help for details.
                 e:\program files (x86)\microsoft visual studio 10.0\vc\include\string.h(197) : 参见“strtok”的声明
     1>e:\cproject\burncd_final\burncd_src\read_pe_rls.cpp(112): warning C4996: 'strtok': This function or variable may be unsafe. Consider using strtok_s instead. To disable deprecation, use _CRT_SECURE_NO_WARNINGS. See online help for details.
                 e:\program files (x86)\microsoft visual studio 10.0\vc\include\string.h(197) : 参见“strtok”的声明
     1>e:\cproject\burncd_final\burncd_src\read_pe_rls.cpp(245): warning C4996: 'strcpy': This function or variable may be unsafe. Consider using strcpy_s instead. To disable deprecation, use _CRT_SECURE_NO_WARNINGS. See online help for details.
                 e:\program files (x86)\microsoft visual studio 10.0\vc\include\string.h(105) : 参见“strcpy”的声明
         FileObject.cpp
         FileListBox.cpp
         DiscRecorder.cpp
         DiscMaster.cpp
         DiscFormatDataEvent.cpp
         DiscFormatData.cpp
         DirObject.cpp
         BurnCDDlg.cpp
         BurnCD.cpp
         BaseObject.cpp
         正在生成代码...
       ResourceCompile:
         C:\Program Files (x86)\Microsoft SDKs\Windows\v7.0A\bin\rc.exe /D _DEBUG /D _UNICODE /D UNICODE /D _AFXDLL /l"0x0409" /IDebug\ /nologo /fo"Debug\BurnCD.res" BurnCD.rc 
       ManifestResourceCompile:
         C:\Program Files (x86)\Microsoft SDKs\Windows\v7.0A\bin\rc.exe /nologo /fo"Debug\BurnCD.exe.embed.manifest.res" Debug\BurnCD_manifest.rc 
       Link:
         E:\Program Files (x86)\Microsoft Visual Studio 10.0\VC\bin\link.exe /ERRORREPORT:PROMPT /OUT:"E:\CProject\BurnCD_final\BurnCD_src\Debug\BurnCD.exe" /INCREMENTAL /NOLOGO /LIBPATH:E:\CProject\AES\Library /MANIFEST /ManifestFile:"Debug\BurnCD.exe.intermediate.manifest" /MANIFESTUAC:"level='asInvoker' uiAccess='false'" /DEBUG /PDB:"E:\CProject\BurnCD_final\BurnCD_src\Debug\BurnCD.pdb" /SUBSYSTEM:WINDOWS /TLBID:1 /ENTRY:"wWinMainCRTStartup" /DYNAMICBASE:NO /IMPLIB:"E:\CProject\BurnCD_final\BurnCD_src\Debug\BurnCD.lib" /MACHINE:X86 Debug\BurnCD.res
         Debug\BurnCD.exe.embed.manifest.res
         Debug\BaseObject.obj
         Debug\BurnCD.obj
         Debug\BurnCDDlg.obj
         Debug\DirObject.obj
         Debug\DiscFormatData.obj
         Debug\DiscFormatDataEvent.obj
         Debug\DiscMaster.obj
         Debug\DiscRecorder.obj
         Debug\FileListBox.obj
         Debug\FileObject.obj
         Debug\read_pe_rls.obj
         Debug\stdafx.obj
     1>LINK : warning LNK4098: 默认库“MSVCRT”与其他库的使用冲突；请使用 /NODEFAULTLIB:library
       Manifest:
         正在删除文件“Debug\BurnCD.exe.embed.manifest”。
         C:\Program Files (x86)\Microsoft SDKs\Windows\v7.0A\bin\mt.exe /nologo /verbose /out:"Debug\BurnCD.exe.embed.manifest" /manifest Debug\BurnCD.exe.intermediate.manifest "E:\Program Files (x86)\Microsoft Visual Studio 10.0\VC\Include\Manifest\dpiaware.manifest"
         C:\Program Files (x86)\Microsoft SDKs\Windows\v7.0A\bin\rc.exe /nologo /fo"Debug\BurnCD.exe.embed.manifest.res" Debug\BurnCD_manifest.rc 
       LinkEmbedManifest:
         E:\Program Files (x86)\Microsoft Visual Studio 10.0\VC\bin\link.exe /ERRORREPORT:PROMPT /OUT:"E:\CProject\BurnCD_final\BurnCD_src\Debug\BurnCD.exe" /INCREMENTAL /NOLOGO /LIBPATH:E:\CProject\AES\Library /MANIFEST /ManifestFile:"Debug\BurnCD.exe.intermediate.manifest" /MANIFESTUAC:"level='asInvoker' uiAccess='false'" /DEBUG /PDB:"E:\CProject\BurnCD_final\BurnCD_src\Debug\BurnCD.pdb" /SUBSYSTEM:WINDOWS /TLBID:1 /ENTRY:"wWinMainCRTStartup" /DYNAMICBASE:NO /IMPLIB:"E:\CProject\BurnCD_final\BurnCD_src\Debug\BurnCD.lib" /MACHINE:X86 Debug\BurnCD.res
         Debug\BurnCD.exe.embed.manifest.res
         Debug\BaseObject.obj
         Debug\BurnCD.obj
         Debug\BurnCDDlg.obj
         Debug\DirObject.obj
         Debug\DiscFormatData.obj
         Debug\DiscFormatDataEvent.obj
         Debug\DiscMaster.obj
         Debug\DiscRecorder.obj
         Debug\FileListBox.obj
         Debug\FileObject.obj
         Debug\read_pe_rls.obj
         Debug\stdafx.obj
         BurnCD.vcxproj -> E:\CProject\BurnCD_final\BurnCD_src\Debug\BurnCD.exe
       FinalizeBuildStatus:
         正在删除文件“Debug\BurnCD.unsuccessfulbuild”。
         正在对“Debug\BurnCD.lastbuildstate”执行 Touch 任务。
     1>已完成生成项目“E:\CProject\BurnCD_final\BurnCD_src\BurnCD.vcxproj”(rebuild 个目标)的操作。

生成成功。

已用时间 00:00:09.28
