E:\CPROJECT\BURNCD_FINAL\BURNCD_SRC\RELEASE\BASEOBJECT.OBJ
E:\CPROJECT\BURNCD_FINAL\BURNCD_SRC\RELEASE\BURNCD.EXE
E:\CPROJECT\BURNCD_FINAL\BURNCD_SRC\RELEASE\BURNCD.EXE.INTERMEDIATE.MANIFEST
E:\CPROJECT\BURNCD_FINAL\BURNCD_SRC\RELEASE\BURNCD.OBJ
E:\CPROJECT\BURNCD_FINAL\BURNCD_SRC\RELEASE\BURNCD.PCH
E:\CPROJECT\BURNCD_FINAL\BURNCD_SRC\RELEASE\BURNCD.PDB
E:\CPROJECT\BURNCD_FINAL\BURNCD_SRC\RELEASE\BURNCD.RES
E:\CProject\BurnCD_final\BurnCD_src\Release\BurnCD.write.1.tlog
E:\CPROJECT\BURNCD_FINAL\BURNCD_SRC\RELEASE\BURNCDDLG.OBJ
E:\CProject\BurnCD_final\BurnCD_src\Release\cl.command.1.tlog
E:\CProject\BurnCD_final\BurnCD_src\Release\CL.read.1.tlog
E:\CProject\BurnCD_final\BurnCD_src\Release\CL.read.3.tlog
E:\CProject\BurnCD_final\BurnCD_src\Release\CL.write.1.tlog
E:\CPROJECT\BURNCD_FINAL\BURNCD_SRC\RELEASE\DIROBJECT.OBJ
E:\CPROJECT\BURNCD_FINAL\BURNCD_SRC\RELEASE\DISCFORMATDATA.OBJ
E:\CPROJECT\BURNCD_FINAL\BURNCD_SRC\RELEASE\DISCFORMATDATAEVENT.OBJ
E:\CPROJECT\BURNCD_FINAL\BURNCD_SRC\RELEASE\DISCMASTER.OBJ
E:\CPROJECT\BURNCD_FINAL\BURNCD_SRC\RELEASE\DISCRECORDER.OBJ
E:\CPROJECT\BURNCD_FINAL\BURNCD_SRC\RELEASE\FILELISTBOX.OBJ
E:\CPROJECT\BURNCD_FINAL\BURNCD_SRC\RELEASE\FILEOBJECT.OBJ
E:\CProject\BurnCD_final\BurnCD_src\Release\link.command.1.tlog
E:\CProject\BurnCD_final\BurnCD_src\Release\link.read.1.tlog
E:\CProject\BurnCD_final\BurnCD_src\Release\link.read.2.tlog
E:\CProject\BurnCD_final\BurnCD_src\Release\link.write.1.tlog
E:\CProject\BurnCD_final\BurnCD_src\Release\link-cvtres.read.1.tlog
E:\CProject\BurnCD_final\BurnCD_src\Release\link-cvtres.write.1.tlog
E:\CProject\BurnCD_final\BurnCD_src\Release\mt.command.1.tlog
E:\CProject\BurnCD_final\BurnCD_src\Release\mt.read.1.tlog
E:\CProject\BurnCD_final\BurnCD_src\Release\mt.write.1.tlog
E:\CProject\BurnCD_final\BurnCD_src\Release\rc.command.1.tlog
E:\CProject\BurnCD_final\BurnCD_src\Release\rc.read.1.tlog
E:\CProject\BurnCD_final\BurnCD_src\Release\rc.write.1.tlog
E:\CPROJECT\BURNCD_FINAL\BURNCD_SRC\RELEASE\READ_PE_RLS.OBJ
E:\CPROJECT\BURNCD_FINAL\BURNCD_SRC\RELEASE\STDAFX.OBJ
E:\CPROJECT\BURNCD_FINAL\BURNCD_SRC\RELEASE\VC100.PDB
